INFO - 2023-12-18 02:33:00 --> Session: Class initialized using 'CodeIgniter\Session\Handlers\FileHandler' driver.
INFO - 2023-12-18 03:02:19 --> Session: Class initialized using 'CodeIgniter\Session\Handlers\FileHandler' driver.
ERROR - 2023-12-18 05:32:00 --> mysqli_sql_exception: Cannot add or update a child row: a foreign key constraint fails (`hotel-system-db`.`reservations`, CONSTRAINT `fk_reservation_reservationPIC` FOREIGN KEY (`employeeID`) REFERENCES `reservation_pic` (`id`) ON DELETE CASCADE ON UPDATE CASCADE) in C:\xampp\htdocs\hotel-system\vendor\codeigniter4\framework\system\Database\MySQLi\Connection.php:306
Stack trace:
#0 C:\xampp\htdocs\hotel-system\vendor\codeigniter4\framework\system\Database\MySQLi\Connection.php(306): mysqli->query('INSERT INTO `re...', 0)
#1 C:\xampp\htdocs\hotel-system\vendor\codeigniter4\framework\system\Database\BaseConnection.php(693): CodeIgniter\Database\MySQLi\Connection->execute('INSERT INTO `re...')
#2 C:\xampp\htdocs\hotel-system\vendor\codeigniter4\framework\system\Database\BaseConnection.php(607): CodeIgniter\Database\BaseConnection->simpleQuery('INSERT INTO `re...')
#3 C:\xampp\htdocs\hotel-system\vendor\codeigniter4\framework\system\Database\BaseBuilder.php(2308): CodeIgniter\Database\BaseConnection->query('INSERT INTO `re...', Array, false)
#4 C:\xampp\htdocs\hotel-system\vendor\codeigniter4\framework\system\Model.php(319): CodeIgniter\Database\BaseBuilder->insert()
#5 C:\xampp\htdocs\hotel-system\vendor\codeigniter4\framework\system\BaseModel.php(788): CodeIgniter\Model->doInsert(Array)
#6 C:\xampp\htdocs\hotel-system\vendor\codeigniter4\framework\system\Model.php(715): CodeIgniter\BaseModel->insert(Array, true)
#7 C:\xampp\htdocs\hotel-system\app\Controllers\Reservations.php(118): CodeIgniter\Model->insert(Array)
#8 C:\xampp\htdocs\hotel-system\vendor\codeigniter4\framework\system\CodeIgniter.php(942): App\Controllers\Reservations->create()
#9 C:\xampp\htdocs\hotel-system\vendor\codeigniter4\framework\system\CodeIgniter.php(502): CodeIgniter\CodeIgniter->runController(Object(App\Controllers\Reservations))
#10 C:\xampp\htdocs\hotel-system\vendor\codeigniter4\framework\system\CodeIgniter.php(361): CodeIgniter\CodeIgniter->handleRequest(NULL, Object(Config\Cache), false)
#11 C:\xampp\htdocs\hotel-system\public\index.php(79): CodeIgniter\CodeIgniter->run()
#12 C:\xampp\htdocs\hotel-system\vendor\codeigniter4\framework\system\Commands\Server\rewrite.php(47): require_once('C:\\xampp\\htdocs...')
#13 {main}
CRITICAL - 2023-12-18 05:32:00 --> Cannot add or update a child row: a foreign key constraint fails (`hotel-system-db`.`reservations`, CONSTRAINT `fk_reservation_reservationPIC` FOREIGN KEY (`employeeID`) REFERENCES `reservation_pic` (`id`) ON DELETE CASCADE ON UPDATE CASCADE)
in SYSTEMPATH\Database\BaseConnection.php on line 647.
 1 SYSTEMPATH\Database\BaseBuilder.php(2308): CodeIgniter\Database\BaseConnection->query('INSERT INTO `reservations` (`guestID`, `paymentID`, `checkInDate`, `checkOutDate`, `created_at`, `updated_at`) VALUES (:guestID:, :paymentID:, :checkInDate:, :checkOutDate:, :created_at:, :updated_at:)', [...], false)
 2 SYSTEMPATH\Model.php(319): CodeIgniter\Database\BaseBuilder->insert()
 3 SYSTEMPATH\BaseModel.php(788): CodeIgniter\Model->doInsert([...])
 4 SYSTEMPATH\Model.php(715): CodeIgniter\BaseModel->insert([...], true)
 5 APPPATH\Controllers\Reservations.php(118): CodeIgniter\Model->insert([...])
 6 SYSTEMPATH\CodeIgniter.php(942): App\Controllers\Reservations->create()
 7 SYSTEMPATH\CodeIgniter.php(502): CodeIgniter\CodeIgniter->runController(Object(App\Controllers\Reservations))
 8 SYSTEMPATH\CodeIgniter.php(361): CodeIgniter\CodeIgniter->handleRequest(null, Object(Config\Cache), false)
 9 FCPATH\index.php(79): CodeIgniter\CodeIgniter->run()
10 SYSTEMPATH\Commands\Server\rewrite.php(47): require_once('C:\\xampp\\htdocs\\hotel-system\\public\\index.php')
ERROR - 2023-12-18 05:35:36 --> mysqli_sql_exception: Cannot add or update a child row: a foreign key constraint fails (`hotel-system-db`.`reservations`, CONSTRAINT `fk_reservation_reservationPIC` FOREIGN KEY (`employeeID`) REFERENCES `reservation_pic` (`id`) ON DELETE CASCADE ON UPDATE CASCADE) in C:\xampp\htdocs\hotel-system\vendor\codeigniter4\framework\system\Database\MySQLi\Connection.php:306
Stack trace:
#0 C:\xampp\htdocs\hotel-system\vendor\codeigniter4\framework\system\Database\MySQLi\Connection.php(306): mysqli->query('INSERT INTO `re...', 0)
#1 C:\xampp\htdocs\hotel-system\vendor\codeigniter4\framework\system\Database\BaseConnection.php(693): CodeIgniter\Database\MySQLi\Connection->execute('INSERT INTO `re...')
#2 C:\xampp\htdocs\hotel-system\vendor\codeigniter4\framework\system\Database\BaseConnection.php(607): CodeIgniter\Database\BaseConnection->simpleQuery('INSERT INTO `re...')
#3 C:\xampp\htdocs\hotel-system\vendor\codeigniter4\framework\system\Database\BaseBuilder.php(2308): CodeIgniter\Database\BaseConnection->query('INSERT INTO `re...', Array, false)
#4 C:\xampp\htdocs\hotel-system\vendor\codeigniter4\framework\system\Model.php(319): CodeIgniter\Database\BaseBuilder->insert()
#5 C:\xampp\htdocs\hotel-system\vendor\codeigniter4\framework\system\BaseModel.php(788): CodeIgniter\Model->doInsert(Array)
#6 C:\xampp\htdocs\hotel-system\vendor\codeigniter4\framework\system\Model.php(715): CodeIgniter\BaseModel->insert(Array, true)
#7 C:\xampp\htdocs\hotel-system\app\Controllers\Reservations.php(118): CodeIgniter\Model->insert(Array)
#8 C:\xampp\htdocs\hotel-system\vendor\codeigniter4\framework\system\CodeIgniter.php(942): App\Controllers\Reservations->create()
#9 C:\xampp\htdocs\hotel-system\vendor\codeigniter4\framework\system\CodeIgniter.php(502): CodeIgniter\CodeIgniter->runController(Object(App\Controllers\Reservations))
#10 C:\xampp\htdocs\hotel-system\vendor\codeigniter4\framework\system\CodeIgniter.php(361): CodeIgniter\CodeIgniter->handleRequest(NULL, Object(Config\Cache), false)
#11 C:\xampp\htdocs\hotel-system\public\index.php(79): CodeIgniter\CodeIgniter->run()
#12 C:\xampp\htdocs\hotel-system\vendor\codeigniter4\framework\system\Commands\Server\rewrite.php(47): require_once('C:\\xampp\\htdocs...')
#13 {main}
CRITICAL - 2023-12-18 05:35:36 --> Cannot add or update a child row: a foreign key constraint fails (`hotel-system-db`.`reservations`, CONSTRAINT `fk_reservation_reservationPIC` FOREIGN KEY (`employeeID`) REFERENCES `reservation_pic` (`id`) ON DELETE CASCADE ON UPDATE CASCADE)
in SYSTEMPATH\Database\BaseConnection.php on line 647.
 1 SYSTEMPATH\Database\BaseBuilder.php(2308): CodeIgniter\Database\BaseConnection->query('INSERT INTO `reservations` (`guestID`, `paymentID`, `checkInDate`, `checkOutDate`, `created_at`, `updated_at`) VALUES (:guestID:, :paymentID:, :checkInDate:, :checkOutDate:, :created_at:, :updated_at:)', [...], false)
 2 SYSTEMPATH\Model.php(319): CodeIgniter\Database\BaseBuilder->insert()
 3 SYSTEMPATH\BaseModel.php(788): CodeIgniter\Model->doInsert([...])
 4 SYSTEMPATH\Model.php(715): CodeIgniter\BaseModel->insert([...], true)
 5 APPPATH\Controllers\Reservations.php(118): CodeIgniter\Model->insert([...])
 6 SYSTEMPATH\CodeIgniter.php(942): App\Controllers\Reservations->create()
 7 SYSTEMPATH\CodeIgniter.php(502): CodeIgniter\CodeIgniter->runController(Object(App\Controllers\Reservations))
 8 SYSTEMPATH\CodeIgniter.php(361): CodeIgniter\CodeIgniter->handleRequest(null, Object(Config\Cache), false)
 9 FCPATH\index.php(79): CodeIgniter\CodeIgniter->run()
10 SYSTEMPATH\Commands\Server\rewrite.php(47): require_once('C:\\xampp\\htdocs\\hotel-system\\public\\index.php')
ERROR - 2023-12-18 05:55:52 --> mysqli_sql_exception: Cannot add or update a child row: a foreign key constraint fails (`hotel-system-db`.`reservations`, CONSTRAINT `fk_reservation_reservationPIC` FOREIGN KEY (`employeeID`) REFERENCES `reservation_pic` (`id`) ON DELETE CASCADE ON UPDATE CASCADE) in C:\xampp\htdocs\hotel-system\vendor\codeigniter4\framework\system\Database\MySQLi\Connection.php:306
Stack trace:
#0 C:\xampp\htdocs\hotel-system\vendor\codeigniter4\framework\system\Database\MySQLi\Connection.php(306): mysqli->query('INSERT INTO `re...', 0)
#1 C:\xampp\htdocs\hotel-system\vendor\codeigniter4\framework\system\Database\BaseConnection.php(693): CodeIgniter\Database\MySQLi\Connection->execute('INSERT INTO `re...')
#2 C:\xampp\htdocs\hotel-system\vendor\codeigniter4\framework\system\Database\BaseConnection.php(607): CodeIgniter\Database\BaseConnection->simpleQuery('INSERT INTO `re...')
#3 C:\xampp\htdocs\hotel-system\vendor\codeigniter4\framework\system\Database\BaseBuilder.php(2308): CodeIgniter\Database\BaseConnection->query('INSERT INTO `re...', Array, false)
#4 C:\xampp\htdocs\hotel-system\vendor\codeigniter4\framework\system\Model.php(319): CodeIgniter\Database\BaseBuilder->insert()
#5 C:\xampp\htdocs\hotel-system\vendor\codeigniter4\framework\system\BaseModel.php(788): CodeIgniter\Model->doInsert(Array)
#6 C:\xampp\htdocs\hotel-system\vendor\codeigniter4\framework\system\Model.php(715): CodeIgniter\BaseModel->insert(Array, true)
#7 C:\xampp\htdocs\hotel-system\app\Controllers\Reservations.php(119): CodeIgniter\Model->insert(Array)
#8 C:\xampp\htdocs\hotel-system\vendor\codeigniter4\framework\system\CodeIgniter.php(942): App\Controllers\Reservations->create()
#9 C:\xampp\htdocs\hotel-system\vendor\codeigniter4\framework\system\CodeIgniter.php(502): CodeIgniter\CodeIgniter->runController(Object(App\Controllers\Reservations))
#10 C:\xampp\htdocs\hotel-system\vendor\codeigniter4\framework\system\CodeIgniter.php(361): CodeIgniter\CodeIgniter->handleRequest(NULL, Object(Config\Cache), false)
#11 C:\xampp\htdocs\hotel-system\public\index.php(79): CodeIgniter\CodeIgniter->run()
#12 C:\xampp\htdocs\hotel-system\vendor\codeigniter4\framework\system\Commands\Server\rewrite.php(47): require_once('C:\\xampp\\htdocs...')
#13 {main}
CRITICAL - 2023-12-18 05:55:52 --> Cannot add or update a child row: a foreign key constraint fails (`hotel-system-db`.`reservations`, CONSTRAINT `fk_reservation_reservationPIC` FOREIGN KEY (`employeeID`) REFERENCES `reservation_pic` (`id`) ON DELETE CASCADE ON UPDATE CASCADE)
in SYSTEMPATH\Database\BaseConnection.php on line 647.
 1 SYSTEMPATH\Database\BaseBuilder.php(2308): CodeIgniter\Database\BaseConnection->query('INSERT INTO `reservations` (`guestID`, `paymentID`, `checkInDate`, `checkOutDate`, `created_at`, `updated_at`) VALUES (:guestID:, :paymentID:, :checkInDate:, :checkOutDate:, :created_at:, :updated_at:)', [...], false)
 2 SYSTEMPATH\Model.php(319): CodeIgniter\Database\BaseBuilder->insert()
 3 SYSTEMPATH\BaseModel.php(788): CodeIgniter\Model->doInsert([...])
 4 SYSTEMPATH\Model.php(715): CodeIgniter\BaseModel->insert([...], true)
 5 APPPATH\Controllers\Reservations.php(119): CodeIgniter\Model->insert([...])
 6 SYSTEMPATH\CodeIgniter.php(942): App\Controllers\Reservations->create()
 7 SYSTEMPATH\CodeIgniter.php(502): CodeIgniter\CodeIgniter->runController(Object(App\Controllers\Reservations))
 8 SYSTEMPATH\CodeIgniter.php(361): CodeIgniter\CodeIgniter->handleRequest(null, Object(Config\Cache), false)
 9 FCPATH\index.php(79): CodeIgniter\CodeIgniter->run()
10 SYSTEMPATH\Commands\Server\rewrite.php(47): require_once('C:\\xampp\\htdocs\\hotel-system\\public\\index.php')
ERROR - 2023-12-18 06:00:59 --> mysqli_sql_exception: Cannot add or update a child row: a foreign key constraint fails (`hotel-system-db`.`reservations`, CONSTRAINT `fk_reservation_reservationPIC` FOREIGN KEY (`employeeID`) REFERENCES `reservation_pic` (`id`) ON DELETE CASCADE ON UPDATE CASCADE) in C:\xampp\htdocs\hotel-system\vendor\codeigniter4\framework\system\Database\MySQLi\Connection.php:306
Stack trace:
#0 C:\xampp\htdocs\hotel-system\vendor\codeigniter4\framework\system\Database\MySQLi\Connection.php(306): mysqli->query('INSERT INTO `re...', 0)
#1 C:\xampp\htdocs\hotel-system\vendor\codeigniter4\framework\system\Database\BaseConnection.php(693): CodeIgniter\Database\MySQLi\Connection->execute('INSERT INTO `re...')
#2 C:\xampp\htdocs\hotel-system\vendor\codeigniter4\framework\system\Database\BaseConnection.php(607): CodeIgniter\Database\BaseConnection->simpleQuery('INSERT INTO `re...')
#3 C:\xampp\htdocs\hotel-system\vendor\codeigniter4\framework\system\Database\BaseBuilder.php(2308): CodeIgniter\Database\BaseConnection->query('INSERT INTO `re...', Array, false)
#4 C:\xampp\htdocs\hotel-system\vendor\codeigniter4\framework\system\Model.php(319): CodeIgniter\Database\BaseBuilder->insert()
#5 C:\xampp\htdocs\hotel-system\vendor\codeigniter4\framework\system\BaseModel.php(788): CodeIgniter\Model->doInsert(Array)
#6 C:\xampp\htdocs\hotel-system\vendor\codeigniter4\framework\system\Model.php(715): CodeIgniter\BaseModel->insert(Array, true)
#7 C:\xampp\htdocs\hotel-system\app\Controllers\Reservations.php(119): CodeIgniter\Model->insert(Array)
#8 C:\xampp\htdocs\hotel-system\vendor\codeigniter4\framework\system\CodeIgniter.php(942): App\Controllers\Reservations->create()
#9 C:\xampp\htdocs\hotel-system\vendor\codeigniter4\framework\system\CodeIgniter.php(502): CodeIgniter\CodeIgniter->runController(Object(App\Controllers\Reservations))
#10 C:\xampp\htdocs\hotel-system\vendor\codeigniter4\framework\system\CodeIgniter.php(361): CodeIgniter\CodeIgniter->handleRequest(NULL, Object(Config\Cache), false)
#11 C:\xampp\htdocs\hotel-system\public\index.php(79): CodeIgniter\CodeIgniter->run()
#12 C:\xampp\htdocs\hotel-system\vendor\codeigniter4\framework\system\Commands\Server\rewrite.php(47): require_once('C:\\xampp\\htdocs...')
#13 {main}
CRITICAL - 2023-12-18 06:00:59 --> Cannot add or update a child row: a foreign key constraint fails (`hotel-system-db`.`reservations`, CONSTRAINT `fk_reservation_reservationPIC` FOREIGN KEY (`employeeID`) REFERENCES `reservation_pic` (`id`) ON DELETE CASCADE ON UPDATE CASCADE)
in SYSTEMPATH\Database\BaseConnection.php on line 647.
 1 SYSTEMPATH\Database\BaseBuilder.php(2308): CodeIgniter\Database\BaseConnection->query('INSERT INTO `reservations` (`guestID`, `paymentID`, `checkInDate`, `checkOutDate`, `created_at`, `updated_at`) VALUES (:guestID:, :paymentID:, :checkInDate:, :checkOutDate:, :created_at:, :updated_at:)', [...], false)
 2 SYSTEMPATH\Model.php(319): CodeIgniter\Database\BaseBuilder->insert()
 3 SYSTEMPATH\BaseModel.php(788): CodeIgniter\Model->doInsert([...])
 4 SYSTEMPATH\Model.php(715): CodeIgniter\BaseModel->insert([...], true)
 5 APPPATH\Controllers\Reservations.php(119): CodeIgniter\Model->insert([...])
 6 SYSTEMPATH\CodeIgniter.php(942): App\Controllers\Reservations->create()
 7 SYSTEMPATH\CodeIgniter.php(502): CodeIgniter\CodeIgniter->runController(Object(App\Controllers\Reservations))
 8 SYSTEMPATH\CodeIgniter.php(361): CodeIgniter\CodeIgniter->handleRequest(null, Object(Config\Cache), false)
 9 FCPATH\index.php(79): CodeIgniter\CodeIgniter->run()
10 SYSTEMPATH\Commands\Server\rewrite.php(47): require_once('C:\\xampp\\htdocs\\hotel-system\\public\\index.php')
ERROR - 2023-12-18 06:06:11 --> mysqli_sql_exception: Cannot add or update a child row: a foreign key constraint fails (`hotel-system-db`.`reservations`, CONSTRAINT `fk_reservation_room` FOREIGN KEY (`roomID`) REFERENCES `rooms` (`id`) ON DELETE CASCADE ON UPDATE CASCADE) in C:\xampp\htdocs\hotel-system\vendor\codeigniter4\framework\system\Database\MySQLi\Connection.php:306
Stack trace:
#0 C:\xampp\htdocs\hotel-system\vendor\codeigniter4\framework\system\Database\MySQLi\Connection.php(306): mysqli->query('INSERT INTO `re...', 0)
#1 C:\xampp\htdocs\hotel-system\vendor\codeigniter4\framework\system\Database\BaseConnection.php(693): CodeIgniter\Database\MySQLi\Connection->execute('INSERT INTO `re...')
#2 C:\xampp\htdocs\hotel-system\vendor\codeigniter4\framework\system\Database\BaseConnection.php(607): CodeIgniter\Database\BaseConnection->simpleQuery('INSERT INTO `re...')
#3 C:\xampp\htdocs\hotel-system\vendor\codeigniter4\framework\system\Database\BaseBuilder.php(2308): CodeIgniter\Database\BaseConnection->query('INSERT INTO `re...', Array, false)
#4 C:\xampp\htdocs\hotel-system\vendor\codeigniter4\framework\system\Model.php(319): CodeIgniter\Database\BaseBuilder->insert()
#5 C:\xampp\htdocs\hotel-system\vendor\codeigniter4\framework\system\BaseModel.php(788): CodeIgniter\Model->doInsert(Array)
#6 C:\xampp\htdocs\hotel-system\vendor\codeigniter4\framework\system\Model.php(715): CodeIgniter\BaseModel->insert(Array, true)
#7 C:\xampp\htdocs\hotel-system\app\Controllers\Reservations.php(119): CodeIgniter\Model->insert(Array)
#8 C:\xampp\htdocs\hotel-system\vendor\codeigniter4\framework\system\CodeIgniter.php(942): App\Controllers\Reservations->create()
#9 C:\xampp\htdocs\hotel-system\vendor\codeigniter4\framework\system\CodeIgniter.php(502): CodeIgniter\CodeIgniter->runController(Object(App\Controllers\Reservations))
#10 C:\xampp\htdocs\hotel-system\vendor\codeigniter4\framework\system\CodeIgniter.php(361): CodeIgniter\CodeIgniter->handleRequest(NULL, Object(Config\Cache), false)
#11 C:\xampp\htdocs\hotel-system\public\index.php(79): CodeIgniter\CodeIgniter->run()
#12 C:\xampp\htdocs\hotel-system\vendor\codeigniter4\framework\system\Commands\Server\rewrite.php(47): require_once('C:\\xampp\\htdocs...')
#13 {main}
CRITICAL - 2023-12-18 06:06:11 --> Cannot add or update a child row: a foreign key constraint fails (`hotel-system-db`.`reservations`, CONSTRAINT `fk_reservation_room` FOREIGN KEY (`roomID`) REFERENCES `rooms` (`id`) ON DELETE CASCADE ON UPDATE CASCADE)
in SYSTEMPATH\Database\BaseConnection.php on line 647.
 1 SYSTEMPATH\Database\BaseBuilder.php(2308): CodeIgniter\Database\BaseConnection->query('INSERT INTO `reservations` (`guestID`, `employeeID`, `paymentID`, `checkInDate`, `checkOutDate`, `created_at`, `updated_at`) VALUES (:guestID:, :employeeID:, :paymentID:, :checkInDate:, :checkOutDate:, :created_at:, :updated_at:)', [...], false)
 2 SYSTEMPATH\Model.php(319): CodeIgniter\Database\BaseBuilder->insert()
 3 SYSTEMPATH\BaseModel.php(788): CodeIgniter\Model->doInsert([...])
 4 SYSTEMPATH\Model.php(715): CodeIgniter\BaseModel->insert([...], true)
 5 APPPATH\Controllers\Reservations.php(119): CodeIgniter\Model->insert([...])
 6 SYSTEMPATH\CodeIgniter.php(942): App\Controllers\Reservations->create()
 7 SYSTEMPATH\CodeIgniter.php(502): CodeIgniter\CodeIgniter->runController(Object(App\Controllers\Reservations))
 8 SYSTEMPATH\CodeIgniter.php(361): CodeIgniter\CodeIgniter->handleRequest(null, Object(Config\Cache), false)
 9 FCPATH\index.php(79): CodeIgniter\CodeIgniter->run()
10 SYSTEMPATH\Commands\Server\rewrite.php(47): require_once('C:\\xampp\\htdocs\\hotel-system\\public\\index.php')
INFO - 2023-12-18 06:08:47 --> Session: Class initialized using 'CodeIgniter\Session\Handlers\FileHandler' driver.
INFO - 2023-12-18 06:09:20 --> Session: Class initialized using 'CodeIgniter\Session\Handlers\FileHandler' driver.
