INFO - 2023-12-17 05:05:53 --> Session: Class initialized using 'CodeIgniter\Session\Handlers\FileHandler' driver.
ERROR - 2023-12-17 10:52:16 --> mysqli_sql_exception: Cannot add or update a child row: a foreign key constraint fails (`hotel-system-db`.`reservations`, CONSTRAINT `fk_reservation_payment` FOREIGN KEY (`paymentID`) REFERENCES `payments` (`id`) ON DELETE CASCADE ON UPDATE CASCADE) in C:\xampp\htdocs\hotel-system\vendor\codeigniter4\framework\system\Database\MySQLi\Connection.php:306
Stack trace:
#0 C:\xampp\htdocs\hotel-system\vendor\codeigniter4\framework\system\Database\MySQLi\Connection.php(306): mysqli->query('INSERT INTO `re...', 0)
#1 C:\xampp\htdocs\hotel-system\vendor\codeigniter4\framework\system\Database\BaseConnection.php(693): CodeIgniter\Database\MySQLi\Connection->execute('INSERT INTO `re...')
#2 C:\xampp\htdocs\hotel-system\vendor\codeigniter4\framework\system\Database\BaseConnection.php(607): CodeIgniter\Database\BaseConnection->simpleQuery('INSERT INTO `re...')
#3 C:\xampp\htdocs\hotel-system\vendor\codeigniter4\framework\system\Database\BaseBuilder.php(1800): CodeIgniter\Database\BaseConnection->query('INSERT INTO `re...', NULL, false)
#4 C:\xampp\htdocs\hotel-system\vendor\codeigniter4\framework\system\Database\BaseBuilder.php(2191): CodeIgniter\Database\BaseBuilder->batchExecute('_insertBatch', 100)
#5 C:\xampp\htdocs\hotel-system\app\Database\Seeds\ReservationsSeeder.php(33): CodeIgniter\Database\BaseBuilder->insertBatch(Array)
#6 C:\xampp\htdocs\hotel-system\vendor\codeigniter4\framework\system\Database\Seeder.php(146): App\Database\Seeds\ReservationsSeeder->run()
#7 C:\xampp\htdocs\hotel-system\vendor\codeigniter4\framework\system\Commands\Database\Seed.php(77): CodeIgniter\Database\Seeder->call('App\\Database\\Se...')
#8 C:\xampp\htdocs\hotel-system\vendor\codeigniter4\framework\system\CLI\Commands.php(65): CodeIgniter\Commands\Database\Seed->run(Array)
#9 C:\xampp\htdocs\hotel-system\vendor\codeigniter4\framework\system\CLI\Console.php(46): CodeIgniter\CLI\Commands->run('db:seed', Array)
#10 C:\xampp\htdocs\hotel-system\spark(102): CodeIgniter\CLI\Console->run()
#11 {main}
INFO - 2023-12-17 10:52:53 --> Session: Class initialized using 'CodeIgniter\Session\Handlers\FileHandler' driver.
CRITICAL - 2023-12-17 10:52:53 --> Undefined array key "roomNumber"
in APPPATH\Views\pages\reservations.php on line 49.
 1 APPPATH\Views\pages\reservations.php(49): CodeIgniter\Debug\Exceptions->errorHandler(2, 'Undefined array key "roomNumber"', 'C:\\xampp\\htdocs\\hotel-system\\app\\Views\\pages\\reservations.php', 49)
 2 SYSTEMPATH\View\View.php(228): include('C:\\xampp\\htdocs\\hotel-system\\app\\Views\\pages\\reservations.php')
 3 SYSTEMPATH\View\View.php(231): CodeIgniter\View\View->CodeIgniter\View\{closure}()
 4 SYSTEMPATH\Common.php(1190): CodeIgniter\View\View->render('pages/reservations', [], true)
 5 APPPATH\Controllers\Reservations.php(26): view('pages/reservations', [...])
 6 SYSTEMPATH\CodeIgniter.php(942): App\Controllers\Reservations->index()
 7 SYSTEMPATH\CodeIgniter.php(502): CodeIgniter\CodeIgniter->runController(Object(App\Controllers\Reservations))
 8 SYSTEMPATH\CodeIgniter.php(361): CodeIgniter\CodeIgniter->handleRequest(null, Object(Config\Cache), false)
 9 FCPATH\index.php(79): CodeIgniter\CodeIgniter->run()
10 SYSTEMPATH\Commands\Server\rewrite.php(47): require_once('C:\\xampp\\htdocs\\hotel-system\\public\\index.php')
INFO - 2023-12-17 10:54:10 --> Session: Class initialized using 'CodeIgniter\Session\Handlers\FileHandler' driver.
INFO - 2023-12-17 10:55:40 --> Session: Class initialized using 'CodeIgniter\Session\Handlers\FileHandler' driver.
INFO - 2023-12-17 10:55:40 --> Session: Class initialized using 'CodeIgniter\Session\Handlers\FileHandler' driver.
INFO - 2023-12-17 10:55:51 --> Session: Class initialized using 'CodeIgniter\Session\Handlers\FileHandler' driver.
INFO - 2023-12-17 10:55:52 --> Session: Class initialized using 'CodeIgniter\Session\Handlers\FileHandler' driver.
INFO - 2023-12-17 10:56:17 --> Session: Class initialized using 'CodeIgniter\Session\Handlers\FileHandler' driver.
INFO - 2023-12-17 10:56:17 --> Session: Class initialized using 'CodeIgniter\Session\Handlers\FileHandler' driver.
INFO - 2023-12-17 10:56:43 --> Session: Class initialized using 'CodeIgniter\Session\Handlers\FileHandler' driver.
INFO - 2023-12-17 10:56:43 --> Session: Class initialized using 'CodeIgniter\Session\Handlers\FileHandler' driver.
INFO - 2023-12-17 10:57:31 --> Session: Class initialized using 'CodeIgniter\Session\Handlers\FileHandler' driver.
INFO - 2023-12-17 10:57:31 --> Session: Class initialized using 'CodeIgniter\Session\Handlers\FileHandler' driver.
INFO - 2023-12-17 10:58:06 --> Session: Class initialized using 'CodeIgniter\Session\Handlers\FileHandler' driver.
INFO - 2023-12-17 10:58:06 --> Session: Class initialized using 'CodeIgniter\Session\Handlers\FileHandler' driver.
CRITICAL - 2023-12-17 11:22:25 --> Undefined array key "price"
in APPPATH\Controllers\Reservations.php on line 27.
 1 APPPATH\Controllers\Reservations.php(27): CodeIgniter\Debug\Exceptions->errorHandler(2, 'Undefined array key "price"', 'C:\\xampp\\htdocs\\hotel-system\\app\\Controllers\\Reservations.php', 27)
 2 SYSTEMPATH\CodeIgniter.php(942): App\Controllers\Reservations->index()
 3 SYSTEMPATH\CodeIgniter.php(502): CodeIgniter\CodeIgniter->runController(Object(App\Controllers\Reservations))
 4 SYSTEMPATH\CodeIgniter.php(361): CodeIgniter\CodeIgniter->handleRequest(null, Object(Config\Cache), false)
 5 FCPATH\index.php(79): CodeIgniter\CodeIgniter->run()
 6 SYSTEMPATH\Commands\Server\rewrite.php(47): require_once('C:\\xampp\\htdocs\\hotel-system\\public\\index.php')
INFO - 2023-12-17 11:24:01 --> Session: Class initialized using 'CodeIgniter\Session\Handlers\FileHandler' driver.
CRITICAL - 2023-12-17 11:24:01 --> Undefined array key "floor"
in APPPATH\Views\pages\reservations.php on line 52.
 1 APPPATH\Views\pages\reservations.php(52): CodeIgniter\Debug\Exceptions->errorHandler(2, 'Undefined array key "floor"', 'C:\\xampp\\htdocs\\hotel-system\\app\\Views\\pages\\reservations.php', 52)
 2 SYSTEMPATH\View\View.php(228): include('C:\\xampp\\htdocs\\hotel-system\\app\\Views\\pages\\reservations.php')
 3 SYSTEMPATH\View\View.php(231): CodeIgniter\View\View->CodeIgniter\View\{closure}()
 4 SYSTEMPATH\Common.php(1190): CodeIgniter\View\View->render('pages/reservations', [], true)
 5 APPPATH\Controllers\Reservations.php(44): view('pages/reservations', [...])
 6 SYSTEMPATH\CodeIgniter.php(942): App\Controllers\Reservations->index()
 7 SYSTEMPATH\CodeIgniter.php(502): CodeIgniter\CodeIgniter->runController(Object(App\Controllers\Reservations))
 8 SYSTEMPATH\CodeIgniter.php(361): CodeIgniter\CodeIgniter->handleRequest(null, Object(Config\Cache), false)
 9 FCPATH\index.php(79): CodeIgniter\CodeIgniter->run()
10 SYSTEMPATH\Commands\Server\rewrite.php(47): require_once('C:\\xampp\\htdocs\\hotel-system\\public\\index.php')
INFO - 2023-12-17 11:24:02 --> Session: Class initialized using 'CodeIgniter\Session\Handlers\FileHandler' driver.
CRITICAL - 2023-12-17 11:24:02 --> Undefined array key "floor"
in APPPATH\Views\pages\reservations.php on line 52.
 1 APPPATH\Views\pages\reservations.php(52): CodeIgniter\Debug\Exceptions->errorHandler(2, 'Undefined array key "floor"', 'C:\\xampp\\htdocs\\hotel-system\\app\\Views\\pages\\reservations.php', 52)
 2 SYSTEMPATH\View\View.php(228): include('C:\\xampp\\htdocs\\hotel-system\\app\\Views\\pages\\reservations.php')
 3 SYSTEMPATH\View\View.php(231): CodeIgniter\View\View->CodeIgniter\View\{closure}()
 4 SYSTEMPATH\Common.php(1190): CodeIgniter\View\View->render('pages/reservations', [], true)
 5 APPPATH\Controllers\Reservations.php(44): view('pages/reservations', [...])
 6 SYSTEMPATH\CodeIgniter.php(942): App\Controllers\Reservations->index()
 7 SYSTEMPATH\CodeIgniter.php(502): CodeIgniter\CodeIgniter->runController(Object(App\Controllers\Reservations))
 8 SYSTEMPATH\CodeIgniter.php(361): CodeIgniter\CodeIgniter->handleRequest(null, Object(Config\Cache), false)
 9 FCPATH\index.php(79): CodeIgniter\CodeIgniter->run()
10 SYSTEMPATH\Commands\Server\rewrite.php(47): require_once('C:\\xampp\\htdocs\\hotel-system\\public\\index.php')
INFO - 2023-12-17 11:24:44 --> Session: Class initialized using 'CodeIgniter\Session\Handlers\FileHandler' driver.
INFO - 2023-12-17 11:25:09 --> Session: Class initialized using 'CodeIgniter\Session\Handlers\FileHandler' driver.
INFO - 2023-12-17 11:25:20 --> Session: Class initialized using 'CodeIgniter\Session\Handlers\FileHandler' driver.
INFO - 2023-12-17 11:27:21 --> Session: Class initialized using 'CodeIgniter\Session\Handlers\FileHandler' driver.
INFO - 2023-12-17 11:30:15 --> Session: Class initialized using 'CodeIgniter\Session\Handlers\FileHandler' driver.
INFO - 2023-12-17 11:30:20 --> Session: Class initialized using 'CodeIgniter\Session\Handlers\FileHandler' driver.
INFO - 2023-12-17 11:30:20 --> Session: Class initialized using 'CodeIgniter\Session\Handlers\FileHandler' driver.
INFO - 2023-12-17 11:30:49 --> Session: Class initialized using 'CodeIgniter\Session\Handlers\FileHandler' driver.
INFO - 2023-12-17 11:30:56 --> Session: Class initialized using 'CodeIgniter\Session\Handlers\FileHandler' driver.
INFO - 2023-12-17 13:39:40 --> Session: Class initialized using 'CodeIgniter\Session\Handlers\FileHandler' driver.
