ERROR - 2023-12-19 03:24:38 --> Error connecting to the database: mysqli_sql_exception: No such file or directory in /var/www/vendor/codeigniter4/framework/system/Database/MySQLi/Connection.php:184
Stack trace:
#0 /var/www/vendor/codeigniter4/framework/system/Database/MySQLi/Connection.php(184): mysqli->real_connect('localhost', 'root', Object(SensitiveParameterValue), 'hotel-system-db', 3308, '', 0)
#1 /var/www/vendor/codeigniter4/framework/system/Database/BaseConnection.php(392): CodeIgniter\Database\MySQLi\Connection->connect(false)
#2 /var/www/vendor/codeigniter4/framework/system/Database/BaseConnection.php(575): CodeIgniter\Database\BaseConnection->initialize()
#3 /var/www/vendor/codeigniter4/framework/system/Database/BaseConnection.php(1410): CodeIgniter\Database\BaseConnection->query('SHOW TABLES FRO...')
#4 /var/www/vendor/codeigniter4/framework/system/Database/BaseConnection.php(1429): CodeIgniter\Database\BaseConnection->listTables()
#5 /var/www/vendor/codeigniter4/framework/system/Database/MigrationRunner.php(764): CodeIgniter\Database\BaseConnection->tableExists('migrations')
#6 /var/www/vendor/codeigniter4/framework/system/Database/MigrationRunner.php(237): CodeIgniter\Database\MigrationRunner->ensureTable()
#7 /var/www/vendor/codeigniter4/framework/system/Commands/Database/MigrateRollback.php(86): CodeIgniter\Database\MigrationRunner->regress(0)
#8 /var/www/vendor/codeigniter4/framework/system/CLI/Commands.php(65): CodeIgniter\Commands\Database\MigrateRollback->run(Array)
#9 /var/www/vendor/codeigniter4/framework/system/CLI/BaseCommand.php(115): CodeIgniter\CLI\Commands->run('migrate:rollbac...', Array)
#10 /var/www/vendor/codeigniter4/framework/system/Commands/Database/MigrateRefresh.php(84): CodeIgniter\CLI\BaseCommand->call('migrate:rollbac...', Array)
#11 /var/www/vendor/codeigniter4/framework/system/CLI/Commands.php(65): CodeIgniter\Commands\Database\MigrateRefresh->run(Array)
#12 /var/www/vendor/codeigniter4/framework/system/CLI/Console.php(46): CodeIgniter\CLI\Commands->run('migrate:refresh', Array)
#13 /var/www/spark(102): CodeIgniter\CLI\Console->run()
#14 {main}

Next CodeIgniter\Database\Exceptions\DatabaseException: No such file or directory in /var/www/vendor/codeigniter4/framework/system/Database/MySQLi/Connection.php:229
Stack trace:
#0 /var/www/vendor/codeigniter4/framework/system/Database/BaseConnection.php(392): CodeIgniter\Database\MySQLi\Connection->connect(false)
#1 /var/www/vendor/codeigniter4/framework/system/Database/BaseConnection.php(575): CodeIgniter\Database\BaseConnection->initialize()
#2 /var/www/vendor/codeigniter4/framework/system/Database/BaseConnection.php(1410): CodeIgniter\Database\BaseConnection->query('SHOW TABLES FRO...')
#3 /var/www/vendor/codeigniter4/framework/system/Database/BaseConnection.php(1429): CodeIgniter\Database\BaseConnection->listTables()
#4 /var/www/vendor/codeigniter4/framework/system/Database/MigrationRunner.php(764): CodeIgniter\Database\BaseConnection->tableExists('migrations')
#5 /var/www/vendor/codeigniter4/framework/system/Database/MigrationRunner.php(237): CodeIgniter\Database\MigrationRunner->ensureTable()
#6 /var/www/vendor/codeigniter4/framework/system/Commands/Database/MigrateRollback.php(86): CodeIgniter\Database\MigrationRunner->regress(0)
#7 /var/www/vendor/codeigniter4/framework/system/CLI/Commands.php(65): CodeIgniter\Commands\Database\MigrateRollback->run(Array)
#8 /var/www/vendor/codeigniter4/framework/system/CLI/BaseCommand.php(115): CodeIgniter\CLI\Commands->run('migrate:rollbac...', Array)
#9 /var/www/vendor/codeigniter4/framework/system/Commands/Database/MigrateRefresh.php(84): CodeIgniter\CLI\BaseCommand->call('migrate:rollbac...', Array)
#10 /var/www/vendor/codeigniter4/framework/system/CLI/Commands.php(65): CodeIgniter\Commands\Database\MigrateRefresh->run(Array)
#11 /var/www/vendor/codeigniter4/framework/system/CLI/Console.php(46): CodeIgniter\CLI\Commands->run('migrate:refresh', Array)
#12 /var/www/spark(102): CodeIgniter\CLI\Console->run()
#13 {main}
ERROR - 2023-12-19 03:24:38 --> Error connecting to the database: mysqli_sql_exception: No such file or directory in /var/www/vendor/codeigniter4/framework/system/Database/MySQLi/Connection.php:184
Stack trace:
#0 /var/www/vendor/codeigniter4/framework/system/Database/MySQLi/Connection.php(184): mysqli->real_connect('localhost', 'root', Object(SensitiveParameterValue), 'hotel-system-db', 3308, '', 0)
#1 /var/www/vendor/codeigniter4/framework/system/Database/BaseConnection.php(392): CodeIgniter\Database\MySQLi\Connection->connect(false)
#2 /var/www/vendor/codeigniter4/framework/system/Database/BaseConnection.php(575): CodeIgniter\Database\BaseConnection->initialize()
#3 /var/www/vendor/codeigniter4/framework/system/Database/BaseConnection.php(1410): CodeIgniter\Database\BaseConnection->query('SHOW TABLES FRO...')
#4 /var/www/vendor/codeigniter4/framework/system/Database/BaseConnection.php(1429): CodeIgniter\Database\BaseConnection->listTables()
#5 /var/www/vendor/codeigniter4/framework/system/Database/MigrationRunner.php(764): CodeIgniter\Database\BaseConnection->tableExists('migrations')
#6 /var/www/vendor/codeigniter4/framework/system/Database/MigrationRunner.php(168): CodeIgniter\Database\MigrationRunner->ensureTable()
#7 /var/www/vendor/codeigniter4/framework/system/Commands/Database/Migrate.php(84): CodeIgniter\Database\MigrationRunner->latest(NULL)
#8 /var/www/vendor/codeigniter4/framework/system/CLI/Commands.php(65): CodeIgniter\Commands\Database\Migrate->run(Array)
#9 /var/www/vendor/codeigniter4/framework/system/CLI/BaseCommand.php(115): CodeIgniter\CLI\Commands->run('migrate', Array)
#10 /var/www/vendor/codeigniter4/framework/system/Commands/Database/MigrateRefresh.php(85): CodeIgniter\CLI\BaseCommand->call('migrate', Array)
#11 /var/www/vendor/codeigniter4/framework/system/CLI/Commands.php(65): CodeIgniter\Commands\Database\MigrateRefresh->run(Array)
#12 /var/www/vendor/codeigniter4/framework/system/CLI/Console.php(46): CodeIgniter\CLI\Commands->run('migrate:refresh', Array)
#13 /var/www/spark(102): CodeIgniter\CLI\Console->run()
#14 {main}

Next CodeIgniter\Database\Exceptions\DatabaseException: No such file or directory in /var/www/vendor/codeigniter4/framework/system/Database/MySQLi/Connection.php:229
Stack trace:
#0 /var/www/vendor/codeigniter4/framework/system/Database/BaseConnection.php(392): CodeIgniter\Database\MySQLi\Connection->connect(false)
#1 /var/www/vendor/codeigniter4/framework/system/Database/BaseConnection.php(575): CodeIgniter\Database\BaseConnection->initialize()
#2 /var/www/vendor/codeigniter4/framework/system/Database/BaseConnection.php(1410): CodeIgniter\Database\BaseConnection->query('SHOW TABLES FRO...')
#3 /var/www/vendor/codeigniter4/framework/system/Database/BaseConnection.php(1429): CodeIgniter\Database\BaseConnection->listTables()
#4 /var/www/vendor/codeigniter4/framework/system/Database/MigrationRunner.php(764): CodeIgniter\Database\BaseConnection->tableExists('migrations')
#5 /var/www/vendor/codeigniter4/framework/system/Database/MigrationRunner.php(168): CodeIgniter\Database\MigrationRunner->ensureTable()
#6 /var/www/vendor/codeigniter4/framework/system/Commands/Database/Migrate.php(84): CodeIgniter\Database\MigrationRunner->latest(NULL)
#7 /var/www/vendor/codeigniter4/framework/system/CLI/Commands.php(65): CodeIgniter\Commands\Database\Migrate->run(Array)
#8 /var/www/vendor/codeigniter4/framework/system/CLI/BaseCommand.php(115): CodeIgniter\CLI\Commands->run('migrate', Array)
#9 /var/www/vendor/codeigniter4/framework/system/Commands/Database/MigrateRefresh.php(85): CodeIgniter\CLI\BaseCommand->call('migrate', Array)
#10 /var/www/vendor/codeigniter4/framework/system/CLI/Commands.php(65): CodeIgniter\Commands\Database\MigrateRefresh->run(Array)
#11 /var/www/vendor/codeigniter4/framework/system/CLI/Console.php(46): CodeIgniter\CLI\Commands->run('migrate:refresh', Array)
#12 /var/www/spark(102): CodeIgniter\CLI\Console->run()
#13 {main}
ERROR - 2023-12-19 03:24:40 --> Error connecting to the database: mysqli_sql_exception: No such file or directory in /var/www/vendor/codeigniter4/framework/system/Database/MySQLi/Connection.php:184
Stack trace:
#0 /var/www/vendor/codeigniter4/framework/system/Database/MySQLi/Connection.php(184): mysqli->real_connect('localhost', 'root', Object(SensitiveParameterValue), 'hotel-system-db', 3308, '', 0)
#1 /var/www/vendor/codeigniter4/framework/system/Database/BaseConnection.php(392): CodeIgniter\Database\MySQLi\Connection->connect(false)
#2 /var/www/vendor/codeigniter4/framework/system/Database/Database.php(66): CodeIgniter\Database\BaseConnection->initialize()
#3 /var/www/vendor/codeigniter4/framework/system/Database/Config.php(110): CodeIgniter\Database\Database->loadForge(Object(CodeIgniter\Database\MySQLi\Connection))
#4 /var/www/vendor/codeigniter4/framework/system/Database/Seeder.php(97): CodeIgniter\Database\Config::forge(NULL)
#5 /var/www/vendor/codeigniter4/framework/system/Commands/Database/Seed.php(69): CodeIgniter\Database\Seeder->__construct(Object(Config\Database))
#6 /var/www/vendor/codeigniter4/framework/system/CLI/Commands.php(65): CodeIgniter\Commands\Database\Seed->run(Array)
#7 /var/www/vendor/codeigniter4/framework/system/CLI/Console.php(46): CodeIgniter\CLI\Commands->run('db:seed', Array)
#8 /var/www/spark(102): CodeIgniter\CLI\Console->run()
#9 {main}

Next CodeIgniter\Database\Exceptions\DatabaseException: No such file or directory in /var/www/vendor/codeigniter4/framework/system/Database/MySQLi/Connection.php:229
Stack trace:
#0 /var/www/vendor/codeigniter4/framework/system/Database/BaseConnection.php(392): CodeIgniter\Database\MySQLi\Connection->connect(false)
#1 /var/www/vendor/codeigniter4/framework/system/Database/Database.php(66): CodeIgniter\Database\BaseConnection->initialize()
#2 /var/www/vendor/codeigniter4/framework/system/Database/Config.php(110): CodeIgniter\Database\Database->loadForge(Object(CodeIgniter\Database\MySQLi\Connection))
#3 /var/www/vendor/codeigniter4/framework/system/Database/Seeder.php(97): CodeIgniter\Database\Config::forge(NULL)
#4 /var/www/vendor/codeigniter4/framework/system/Commands/Database/Seed.php(69): CodeIgniter\Database\Seeder->__construct(Object(Config\Database))
#5 /var/www/vendor/codeigniter4/framework/system/CLI/Commands.php(65): CodeIgniter\Commands\Database\Seed->run(Array)
#6 /var/www/vendor/codeigniter4/framework/system/CLI/Console.php(46): CodeIgniter\CLI\Commands->run('db:seed', Array)
#7 /var/www/spark(102): CodeIgniter\CLI\Console->run()
#8 {main}
CRITICAL - 2023-12-19 03:24:40 --> Unable to connect to the database.
Main connection [MySQLi]: No such file or directory
in SYSTEMPATH/Database/BaseConnection.php on line 428.
 1 SYSTEMPATH/Database/Database.php(66): CodeIgniter\Database\BaseConnection->initialize()
 2 SYSTEMPATH/Database/Config.php(110): CodeIgniter\Database\Database->loadForge(Object(CodeIgniter\Database\MySQLi\Connection))
 3 SYSTEMPATH/Database/Seeder.php(97): CodeIgniter\Database\Config::forge(null)
 4 SYSTEMPATH/Commands/Database/Seed.php(69): CodeIgniter\Database\Seeder->__construct(Object(Config\Database))
 5 SYSTEMPATH/CLI/Commands.php(65): CodeIgniter\Commands\Database\Seed->run([...])
 6 SYSTEMPATH/CLI/Console.php(46): CodeIgniter\CLI\Commands->run('db:seed', [...])
 7 ROOTPATH/spark(102): CodeIgniter\CLI\Console->run()
ERROR - 2023-12-19 03:47:43 --> Error connecting to the database: mysqli_sql_exception: No such file or directory in /var/www/vendor/codeigniter4/framework/system/Database/MySQLi/Connection.php:184
Stack trace:
#0 /var/www/vendor/codeigniter4/framework/system/Database/MySQLi/Connection.php(184): mysqli->real_connect('localhost', 'root', Object(SensitiveParameterValue), 'hotel-system-db', 3308, '', 0)
#1 /var/www/vendor/codeigniter4/framework/system/Database/BaseConnection.php(392): CodeIgniter\Database\MySQLi\Connection->connect(false)
#2 /var/www/vendor/codeigniter4/framework/system/Database/BaseConnection.php(575): CodeIgniter\Database\BaseConnection->initialize()
#3 /var/www/vendor/codeigniter4/framework/system/Database/BaseConnection.php(1410): CodeIgniter\Database\BaseConnection->query('SHOW TABLES FRO...')
#4 /var/www/vendor/codeigniter4/framework/system/Database/BaseConnection.php(1429): CodeIgniter\Database\BaseConnection->listTables()
#5 /var/www/vendor/codeigniter4/framework/system/Database/MigrationRunner.php(764): CodeIgniter\Database\BaseConnection->tableExists('migrations')
#6 /var/www/vendor/codeigniter4/framework/system/Database/MigrationRunner.php(237): CodeIgniter\Database\MigrationRunner->ensureTable()
#7 /var/www/vendor/codeigniter4/framework/system/Commands/Database/MigrateRollback.php(86): CodeIgniter\Database\MigrationRunner->regress(0)
#8 /var/www/vendor/codeigniter4/framework/system/CLI/Commands.php(65): CodeIgniter\Commands\Database\MigrateRollback->run(Array)
#9 /var/www/vendor/codeigniter4/framework/system/CLI/BaseCommand.php(115): CodeIgniter\CLI\Commands->run('migrate:rollbac...', Array)
#10 /var/www/vendor/codeigniter4/framework/system/Commands/Database/MigrateRefresh.php(84): CodeIgniter\CLI\BaseCommand->call('migrate:rollbac...', Array)
#11 /var/www/vendor/codeigniter4/framework/system/CLI/Commands.php(65): CodeIgniter\Commands\Database\MigrateRefresh->run(Array)
#12 /var/www/vendor/codeigniter4/framework/system/CLI/Console.php(46): CodeIgniter\CLI\Commands->run('migrate:refresh', Array)
#13 /var/www/spark(102): CodeIgniter\CLI\Console->run()
#14 {main}

Next CodeIgniter\Database\Exceptions\DatabaseException: No such file or directory in /var/www/vendor/codeigniter4/framework/system/Database/MySQLi/Connection.php:229
Stack trace:
#0 /var/www/vendor/codeigniter4/framework/system/Database/BaseConnection.php(392): CodeIgniter\Database\MySQLi\Connection->connect(false)
#1 /var/www/vendor/codeigniter4/framework/system/Database/BaseConnection.php(575): CodeIgniter\Database\BaseConnection->initialize()
#2 /var/www/vendor/codeigniter4/framework/system/Database/BaseConnection.php(1410): CodeIgniter\Database\BaseConnection->query('SHOW TABLES FRO...')
#3 /var/www/vendor/codeigniter4/framework/system/Database/BaseConnection.php(1429): CodeIgniter\Database\BaseConnection->listTables()
#4 /var/www/vendor/codeigniter4/framework/system/Database/MigrationRunner.php(764): CodeIgniter\Database\BaseConnection->tableExists('migrations')
#5 /var/www/vendor/codeigniter4/framework/system/Database/MigrationRunner.php(237): CodeIgniter\Database\MigrationRunner->ensureTable()
#6 /var/www/vendor/codeigniter4/framework/system/Commands/Database/MigrateRollback.php(86): CodeIgniter\Database\MigrationRunner->regress(0)
#7 /var/www/vendor/codeigniter4/framework/system/CLI/Commands.php(65): CodeIgniter\Commands\Database\MigrateRollback->run(Array)
#8 /var/www/vendor/codeigniter4/framework/system/CLI/BaseCommand.php(115): CodeIgniter\CLI\Commands->run('migrate:rollbac...', Array)
#9 /var/www/vendor/codeigniter4/framework/system/Commands/Database/MigrateRefresh.php(84): CodeIgniter\CLI\BaseCommand->call('migrate:rollbac...', Array)
#10 /var/www/vendor/codeigniter4/framework/system/CLI/Commands.php(65): CodeIgniter\Commands\Database\MigrateRefresh->run(Array)
#11 /var/www/vendor/codeigniter4/framework/system/CLI/Console.php(46): CodeIgniter\CLI\Commands->run('migrate:refresh', Array)
#12 /var/www/spark(102): CodeIgniter\CLI\Console->run()
#13 {main}
ERROR - 2023-12-19 03:47:43 --> Error connecting to the database: mysqli_sql_exception: No such file or directory in /var/www/vendor/codeigniter4/framework/system/Database/MySQLi/Connection.php:184
Stack trace:
#0 /var/www/vendor/codeigniter4/framework/system/Database/MySQLi/Connection.php(184): mysqli->real_connect('localhost', 'root', Object(SensitiveParameterValue), 'hotel-system-db', 3308, '', 0)
#1 /var/www/vendor/codeigniter4/framework/system/Database/BaseConnection.php(392): CodeIgniter\Database\MySQLi\Connection->connect(false)
#2 /var/www/vendor/codeigniter4/framework/system/Database/BaseConnection.php(575): CodeIgniter\Database\BaseConnection->initialize()
#3 /var/www/vendor/codeigniter4/framework/system/Database/BaseConnection.php(1410): CodeIgniter\Database\BaseConnection->query('SHOW TABLES FRO...')
#4 /var/www/vendor/codeigniter4/framework/system/Database/BaseConnection.php(1429): CodeIgniter\Database\BaseConnection->listTables()
#5 /var/www/vendor/codeigniter4/framework/system/Database/MigrationRunner.php(764): CodeIgniter\Database\BaseConnection->tableExists('migrations')
#6 /var/www/vendor/codeigniter4/framework/system/Database/MigrationRunner.php(168): CodeIgniter\Database\MigrationRunner->ensureTable()
#7 /var/www/vendor/codeigniter4/framework/system/Commands/Database/Migrate.php(84): CodeIgniter\Database\MigrationRunner->latest(NULL)
#8 /var/www/vendor/codeigniter4/framework/system/CLI/Commands.php(65): CodeIgniter\Commands\Database\Migrate->run(Array)
#9 /var/www/vendor/codeigniter4/framework/system/CLI/BaseCommand.php(115): CodeIgniter\CLI\Commands->run('migrate', Array)
#10 /var/www/vendor/codeigniter4/framework/system/Commands/Database/MigrateRefresh.php(85): CodeIgniter\CLI\BaseCommand->call('migrate', Array)
#11 /var/www/vendor/codeigniter4/framework/system/CLI/Commands.php(65): CodeIgniter\Commands\Database\MigrateRefresh->run(Array)
#12 /var/www/vendor/codeigniter4/framework/system/CLI/Console.php(46): CodeIgniter\CLI\Commands->run('migrate:refresh', Array)
#13 /var/www/spark(102): CodeIgniter\CLI\Console->run()
#14 {main}

Next CodeIgniter\Database\Exceptions\DatabaseException: No such file or directory in /var/www/vendor/codeigniter4/framework/system/Database/MySQLi/Connection.php:229
Stack trace:
#0 /var/www/vendor/codeigniter4/framework/system/Database/BaseConnection.php(392): CodeIgniter\Database\MySQLi\Connection->connect(false)
#1 /var/www/vendor/codeigniter4/framework/system/Database/BaseConnection.php(575): CodeIgniter\Database\BaseConnection->initialize()
#2 /var/www/vendor/codeigniter4/framework/system/Database/BaseConnection.php(1410): CodeIgniter\Database\BaseConnection->query('SHOW TABLES FRO...')
#3 /var/www/vendor/codeigniter4/framework/system/Database/BaseConnection.php(1429): CodeIgniter\Database\BaseConnection->listTables()
#4 /var/www/vendor/codeigniter4/framework/system/Database/MigrationRunner.php(764): CodeIgniter\Database\BaseConnection->tableExists('migrations')
#5 /var/www/vendor/codeigniter4/framework/system/Database/MigrationRunner.php(168): CodeIgniter\Database\MigrationRunner->ensureTable()
#6 /var/www/vendor/codeigniter4/framework/system/Commands/Database/Migrate.php(84): CodeIgniter\Database\MigrationRunner->latest(NULL)
#7 /var/www/vendor/codeigniter4/framework/system/CLI/Commands.php(65): CodeIgniter\Commands\Database\Migrate->run(Array)
#8 /var/www/vendor/codeigniter4/framework/system/CLI/BaseCommand.php(115): CodeIgniter\CLI\Commands->run('migrate', Array)
#9 /var/www/vendor/codeigniter4/framework/system/Commands/Database/MigrateRefresh.php(85): CodeIgniter\CLI\BaseCommand->call('migrate', Array)
#10 /var/www/vendor/codeigniter4/framework/system/CLI/Commands.php(65): CodeIgniter\Commands\Database\MigrateRefresh->run(Array)
#11 /var/www/vendor/codeigniter4/framework/system/CLI/Console.php(46): CodeIgniter\CLI\Commands->run('migrate:refresh', Array)
#12 /var/www/spark(102): CodeIgniter\CLI\Console->run()
#13 {main}
ERROR - 2023-12-19 03:47:45 --> Error connecting to the database: mysqli_sql_exception: No such file or directory in /var/www/vendor/codeigniter4/framework/system/Database/MySQLi/Connection.php:184
Stack trace:
#0 /var/www/vendor/codeigniter4/framework/system/Database/MySQLi/Connection.php(184): mysqli->real_connect('localhost', 'root', Object(SensitiveParameterValue), 'hotel-system-db', 3308, '', 0)
#1 /var/www/vendor/codeigniter4/framework/system/Database/BaseConnection.php(392): CodeIgniter\Database\MySQLi\Connection->connect(false)
#2 /var/www/vendor/codeigniter4/framework/system/Database/Database.php(66): CodeIgniter\Database\BaseConnection->initialize()
#3 /var/www/vendor/codeigniter4/framework/system/Database/Config.php(110): CodeIgniter\Database\Database->loadForge(Object(CodeIgniter\Database\MySQLi\Connection))
#4 /var/www/vendor/codeigniter4/framework/system/Database/Seeder.php(97): CodeIgniter\Database\Config::forge(NULL)
#5 /var/www/vendor/codeigniter4/framework/system/Commands/Database/Seed.php(69): CodeIgniter\Database\Seeder->__construct(Object(Config\Database))
#6 /var/www/vendor/codeigniter4/framework/system/CLI/Commands.php(65): CodeIgniter\Commands\Database\Seed->run(Array)
#7 /var/www/vendor/codeigniter4/framework/system/CLI/Console.php(46): CodeIgniter\CLI\Commands->run('db:seed', Array)
#8 /var/www/spark(102): CodeIgniter\CLI\Console->run()
#9 {main}

Next CodeIgniter\Database\Exceptions\DatabaseException: No such file or directory in /var/www/vendor/codeigniter4/framework/system/Database/MySQLi/Connection.php:229
Stack trace:
#0 /var/www/vendor/codeigniter4/framework/system/Database/BaseConnection.php(392): CodeIgniter\Database\MySQLi\Connection->connect(false)
#1 /var/www/vendor/codeigniter4/framework/system/Database/Database.php(66): CodeIgniter\Database\BaseConnection->initialize()
#2 /var/www/vendor/codeigniter4/framework/system/Database/Config.php(110): CodeIgniter\Database\Database->loadForge(Object(CodeIgniter\Database\MySQLi\Connection))
#3 /var/www/vendor/codeigniter4/framework/system/Database/Seeder.php(97): CodeIgniter\Database\Config::forge(NULL)
#4 /var/www/vendor/codeigniter4/framework/system/Commands/Database/Seed.php(69): CodeIgniter\Database\Seeder->__construct(Object(Config\Database))
#5 /var/www/vendor/codeigniter4/framework/system/CLI/Commands.php(65): CodeIgniter\Commands\Database\Seed->run(Array)
#6 /var/www/vendor/codeigniter4/framework/system/CLI/Console.php(46): CodeIgniter\CLI\Commands->run('db:seed', Array)
#7 /var/www/spark(102): CodeIgniter\CLI\Console->run()
#8 {main}
CRITICAL - 2023-12-19 03:47:45 --> Unable to connect to the database.
Main connection [MySQLi]: No such file or directory
in SYSTEMPATH/Database/BaseConnection.php on line 428.
 1 SYSTEMPATH/Database/Database.php(66): CodeIgniter\Database\BaseConnection->initialize()
 2 SYSTEMPATH/Database/Config.php(110): CodeIgniter\Database\Database->loadForge(Object(CodeIgniter\Database\MySQLi\Connection))
 3 SYSTEMPATH/Database/Seeder.php(97): CodeIgniter\Database\Config::forge(null)
 4 SYSTEMPATH/Commands/Database/Seed.php(69): CodeIgniter\Database\Seeder->__construct(Object(Config\Database))
 5 SYSTEMPATH/CLI/Commands.php(65): CodeIgniter\Commands\Database\Seed->run([...])
 6 SYSTEMPATH/CLI/Console.php(46): CodeIgniter\CLI\Commands->run('db:seed', [...])
 7 ROOTPATH/spark(102): CodeIgniter\CLI\Console->run()
ERROR - 2023-12-19 04:03:29 --> Error connecting to the database: mysqli_sql_exception: Connection refused in /var/www/vendor/codeigniter4/framework/system/Database/MySQLi/Connection.php:184
Stack trace:
#0 /var/www/vendor/codeigniter4/framework/system/Database/MySQLi/Connection.php(184): mysqli->real_connect('database', 'root', Object(SensitiveParameterValue), 'hotel-system-db', 3308, '', 0)
#1 /var/www/vendor/codeigniter4/framework/system/Database/BaseConnection.php(392): CodeIgniter\Database\MySQLi\Connection->connect(false)
#2 /var/www/vendor/codeigniter4/framework/system/Database/BaseConnection.php(575): CodeIgniter\Database\BaseConnection->initialize()
#3 /var/www/vendor/codeigniter4/framework/system/Database/BaseConnection.php(1410): CodeIgniter\Database\BaseConnection->query('SHOW TABLES FRO...')
#4 /var/www/vendor/codeigniter4/framework/system/Database/BaseConnection.php(1429): CodeIgniter\Database\BaseConnection->listTables()
#5 /var/www/vendor/codeigniter4/framework/system/Database/MigrationRunner.php(764): CodeIgniter\Database\BaseConnection->tableExists('migrations')
#6 /var/www/vendor/codeigniter4/framework/system/Database/MigrationRunner.php(237): CodeIgniter\Database\MigrationRunner->ensureTable()
#7 /var/www/vendor/codeigniter4/framework/system/Commands/Database/MigrateRollback.php(86): CodeIgniter\Database\MigrationRunner->regress(0)
#8 /var/www/vendor/codeigniter4/framework/system/CLI/Commands.php(65): CodeIgniter\Commands\Database\MigrateRollback->run(Array)
#9 /var/www/vendor/codeigniter4/framework/system/CLI/BaseCommand.php(115): CodeIgniter\CLI\Commands->run('migrate:rollbac...', Array)
#10 /var/www/vendor/codeigniter4/framework/system/Commands/Database/MigrateRefresh.php(84): CodeIgniter\CLI\BaseCommand->call('migrate:rollbac...', Array)
#11 /var/www/vendor/codeigniter4/framework/system/CLI/Commands.php(65): CodeIgniter\Commands\Database\MigrateRefresh->run(Array)
#12 /var/www/vendor/codeigniter4/framework/system/CLI/Console.php(46): CodeIgniter\CLI\Commands->run('migrate:refresh', Array)
#13 /var/www/spark(102): CodeIgniter\CLI\Console->run()
#14 {main}

Next CodeIgniter\Database\Exceptions\DatabaseException: Connection refused in /var/www/vendor/codeigniter4/framework/system/Database/MySQLi/Connection.php:229
Stack trace:
#0 /var/www/vendor/codeigniter4/framework/system/Database/BaseConnection.php(392): CodeIgniter\Database\MySQLi\Connection->connect(false)
#1 /var/www/vendor/codeigniter4/framework/system/Database/BaseConnection.php(575): CodeIgniter\Database\BaseConnection->initialize()
#2 /var/www/vendor/codeigniter4/framework/system/Database/BaseConnection.php(1410): CodeIgniter\Database\BaseConnection->query('SHOW TABLES FRO...')
#3 /var/www/vendor/codeigniter4/framework/system/Database/BaseConnection.php(1429): CodeIgniter\Database\BaseConnection->listTables()
#4 /var/www/vendor/codeigniter4/framework/system/Database/MigrationRunner.php(764): CodeIgniter\Database\BaseConnection->tableExists('migrations')
#5 /var/www/vendor/codeigniter4/framework/system/Database/MigrationRunner.php(237): CodeIgniter\Database\MigrationRunner->ensureTable()
#6 /var/www/vendor/codeigniter4/framework/system/Commands/Database/MigrateRollback.php(86): CodeIgniter\Database\MigrationRunner->regress(0)
#7 /var/www/vendor/codeigniter4/framework/system/CLI/Commands.php(65): CodeIgniter\Commands\Database\MigrateRollback->run(Array)
#8 /var/www/vendor/codeigniter4/framework/system/CLI/BaseCommand.php(115): CodeIgniter\CLI\Commands->run('migrate:rollbac...', Array)
#9 /var/www/vendor/codeigniter4/framework/system/Commands/Database/MigrateRefresh.php(84): CodeIgniter\CLI\BaseCommand->call('migrate:rollbac...', Array)
#10 /var/www/vendor/codeigniter4/framework/system/CLI/Commands.php(65): CodeIgniter\Commands\Database\MigrateRefresh->run(Array)
#11 /var/www/vendor/codeigniter4/framework/system/CLI/Console.php(46): CodeIgniter\CLI\Commands->run('migrate:refresh', Array)
#12 /var/www/spark(102): CodeIgniter\CLI\Console->run()
#13 {main}
ERROR - 2023-12-19 04:03:29 --> Error connecting to the database: mysqli_sql_exception: Connection refused in /var/www/vendor/codeigniter4/framework/system/Database/MySQLi/Connection.php:184
Stack trace:
#0 /var/www/vendor/codeigniter4/framework/system/Database/MySQLi/Connection.php(184): mysqli->real_connect('database', 'root', Object(SensitiveParameterValue), 'hotel-system-db', 3308, '', 0)
#1 /var/www/vendor/codeigniter4/framework/system/Database/BaseConnection.php(392): CodeIgniter\Database\MySQLi\Connection->connect(false)
#2 /var/www/vendor/codeigniter4/framework/system/Database/BaseConnection.php(575): CodeIgniter\Database\BaseConnection->initialize()
#3 /var/www/vendor/codeigniter4/framework/system/Database/BaseConnection.php(1410): CodeIgniter\Database\BaseConnection->query('SHOW TABLES FRO...')
#4 /var/www/vendor/codeigniter4/framework/system/Database/BaseConnection.php(1429): CodeIgniter\Database\BaseConnection->listTables()
#5 /var/www/vendor/codeigniter4/framework/system/Database/MigrationRunner.php(764): CodeIgniter\Database\BaseConnection->tableExists('migrations')
#6 /var/www/vendor/codeigniter4/framework/system/Database/MigrationRunner.php(168): CodeIgniter\Database\MigrationRunner->ensureTable()
#7 /var/www/vendor/codeigniter4/framework/system/Commands/Database/Migrate.php(84): CodeIgniter\Database\MigrationRunner->latest(NULL)
#8 /var/www/vendor/codeigniter4/framework/system/CLI/Commands.php(65): CodeIgniter\Commands\Database\Migrate->run(Array)
#9 /var/www/vendor/codeigniter4/framework/system/CLI/BaseCommand.php(115): CodeIgniter\CLI\Commands->run('migrate', Array)
#10 /var/www/vendor/codeigniter4/framework/system/Commands/Database/MigrateRefresh.php(85): CodeIgniter\CLI\BaseCommand->call('migrate', Array)
#11 /var/www/vendor/codeigniter4/framework/system/CLI/Commands.php(65): CodeIgniter\Commands\Database\MigrateRefresh->run(Array)
#12 /var/www/vendor/codeigniter4/framework/system/CLI/Console.php(46): CodeIgniter\CLI\Commands->run('migrate:refresh', Array)
#13 /var/www/spark(102): CodeIgniter\CLI\Console->run()
#14 {main}

Next CodeIgniter\Database\Exceptions\DatabaseException: Connection refused in /var/www/vendor/codeigniter4/framework/system/Database/MySQLi/Connection.php:229
Stack trace:
#0 /var/www/vendor/codeigniter4/framework/system/Database/BaseConnection.php(392): CodeIgniter\Database\MySQLi\Connection->connect(false)
#1 /var/www/vendor/codeigniter4/framework/system/Database/BaseConnection.php(575): CodeIgniter\Database\BaseConnection->initialize()
#2 /var/www/vendor/codeigniter4/framework/system/Database/BaseConnection.php(1410): CodeIgniter\Database\BaseConnection->query('SHOW TABLES FRO...')
#3 /var/www/vendor/codeigniter4/framework/system/Database/BaseConnection.php(1429): CodeIgniter\Database\BaseConnection->listTables()
#4 /var/www/vendor/codeigniter4/framework/system/Database/MigrationRunner.php(764): CodeIgniter\Database\BaseConnection->tableExists('migrations')
#5 /var/www/vendor/codeigniter4/framework/system/Database/MigrationRunner.php(168): CodeIgniter\Database\MigrationRunner->ensureTable()
#6 /var/www/vendor/codeigniter4/framework/system/Commands/Database/Migrate.php(84): CodeIgniter\Database\MigrationRunner->latest(NULL)
#7 /var/www/vendor/codeigniter4/framework/system/CLI/Commands.php(65): CodeIgniter\Commands\Database\Migrate->run(Array)
#8 /var/www/vendor/codeigniter4/framework/system/CLI/BaseCommand.php(115): CodeIgniter\CLI\Commands->run('migrate', Array)
#9 /var/www/vendor/codeigniter4/framework/system/Commands/Database/MigrateRefresh.php(85): CodeIgniter\CLI\BaseCommand->call('migrate', Array)
#10 /var/www/vendor/codeigniter4/framework/system/CLI/Commands.php(65): CodeIgniter\Commands\Database\MigrateRefresh->run(Array)
#11 /var/www/vendor/codeigniter4/framework/system/CLI/Console.php(46): CodeIgniter\CLI\Commands->run('migrate:refresh', Array)
#12 /var/www/spark(102): CodeIgniter\CLI\Console->run()
#13 {main}
ERROR - 2023-12-19 04:03:32 --> Error connecting to the database: mysqli_sql_exception: Connection refused in /var/www/vendor/codeigniter4/framework/system/Database/MySQLi/Connection.php:184
Stack trace:
#0 /var/www/vendor/codeigniter4/framework/system/Database/MySQLi/Connection.php(184): mysqli->real_connect('database', 'root', Object(SensitiveParameterValue), 'hotel-system-db', 3308, '', 0)
#1 /var/www/vendor/codeigniter4/framework/system/Database/BaseConnection.php(392): CodeIgniter\Database\MySQLi\Connection->connect(false)
#2 /var/www/vendor/codeigniter4/framework/system/Database/Database.php(66): CodeIgniter\Database\BaseConnection->initialize()
#3 /var/www/vendor/codeigniter4/framework/system/Database/Config.php(110): CodeIgniter\Database\Database->loadForge(Object(CodeIgniter\Database\MySQLi\Connection))
#4 /var/www/vendor/codeigniter4/framework/system/Database/Seeder.php(97): CodeIgniter\Database\Config::forge(NULL)
#5 /var/www/vendor/codeigniter4/framework/system/Commands/Database/Seed.php(69): CodeIgniter\Database\Seeder->__construct(Object(Config\Database))
#6 /var/www/vendor/codeigniter4/framework/system/CLI/Commands.php(65): CodeIgniter\Commands\Database\Seed->run(Array)
#7 /var/www/vendor/codeigniter4/framework/system/CLI/Console.php(46): CodeIgniter\CLI\Commands->run('db:seed', Array)
#8 /var/www/spark(102): CodeIgniter\CLI\Console->run()
#9 {main}

Next CodeIgniter\Database\Exceptions\DatabaseException: Connection refused in /var/www/vendor/codeigniter4/framework/system/Database/MySQLi/Connection.php:229
Stack trace:
#0 /var/www/vendor/codeigniter4/framework/system/Database/BaseConnection.php(392): CodeIgniter\Database\MySQLi\Connection->connect(false)
#1 /var/www/vendor/codeigniter4/framework/system/Database/Database.php(66): CodeIgniter\Database\BaseConnection->initialize()
#2 /var/www/vendor/codeigniter4/framework/system/Database/Config.php(110): CodeIgniter\Database\Database->loadForge(Object(CodeIgniter\Database\MySQLi\Connection))
#3 /var/www/vendor/codeigniter4/framework/system/Database/Seeder.php(97): CodeIgniter\Database\Config::forge(NULL)
#4 /var/www/vendor/codeigniter4/framework/system/Commands/Database/Seed.php(69): CodeIgniter\Database\Seeder->__construct(Object(Config\Database))
#5 /var/www/vendor/codeigniter4/framework/system/CLI/Commands.php(65): CodeIgniter\Commands\Database\Seed->run(Array)
#6 /var/www/vendor/codeigniter4/framework/system/CLI/Console.php(46): CodeIgniter\CLI\Commands->run('db:seed', Array)
#7 /var/www/spark(102): CodeIgniter\CLI\Console->run()
#8 {main}
CRITICAL - 2023-12-19 04:03:32 --> Unable to connect to the database.
Main connection [MySQLi]: Connection refused
in SYSTEMPATH/Database/BaseConnection.php on line 428.
 1 SYSTEMPATH/Database/Database.php(66): CodeIgniter\Database\BaseConnection->initialize()
 2 SYSTEMPATH/Database/Config.php(110): CodeIgniter\Database\Database->loadForge(Object(CodeIgniter\Database\MySQLi\Connection))
 3 SYSTEMPATH/Database/Seeder.php(97): CodeIgniter\Database\Config::forge(null)
 4 SYSTEMPATH/Commands/Database/Seed.php(69): CodeIgniter\Database\Seeder->__construct(Object(Config\Database))
 5 SYSTEMPATH/CLI/Commands.php(65): CodeIgniter\Commands\Database\Seed->run([...])
 6 SYSTEMPATH/CLI/Console.php(46): CodeIgniter\CLI\Commands->run('db:seed', [...])
 7 ROOTPATH/spark(102): CodeIgniter\CLI\Console->run()
ERROR - 2023-12-19 04:32:49 --> Error connecting to the database: mysqli_sql_exception: Unknown database 'hotel-system-db-1' in /var/www/vendor/codeigniter4/framework/system/Database/MySQLi/Connection.php:184
Stack trace:
#0 /var/www/vendor/codeigniter4/framework/system/Database/MySQLi/Connection.php(184): mysqli->real_connect('database', 'root', Object(SensitiveParameterValue), 'hotel-system-db...', 3308, '', 0)
#1 /var/www/vendor/codeigniter4/framework/system/Database/BaseConnection.php(392): CodeIgniter\Database\MySQLi\Connection->connect(false)
#2 /var/www/vendor/codeigniter4/framework/system/Database/BaseConnection.php(575): CodeIgniter\Database\BaseConnection->initialize()
#3 /var/www/vendor/codeigniter4/framework/system/Database/BaseConnection.php(1410): CodeIgniter\Database\BaseConnection->query('SHOW TABLES FRO...')
#4 /var/www/vendor/codeigniter4/framework/system/Database/BaseConnection.php(1429): CodeIgniter\Database\BaseConnection->listTables()
#5 /var/www/vendor/codeigniter4/framework/system/Database/MigrationRunner.php(764): CodeIgniter\Database\BaseConnection->tableExists('migrations')
#6 /var/www/vendor/codeigniter4/framework/system/Database/MigrationRunner.php(237): CodeIgniter\Database\MigrationRunner->ensureTable()
#7 /var/www/vendor/codeigniter4/framework/system/Commands/Database/MigrateRollback.php(86): CodeIgniter\Database\MigrationRunner->regress(0)
#8 /var/www/vendor/codeigniter4/framework/system/CLI/Commands.php(65): CodeIgniter\Commands\Database\MigrateRollback->run(Array)
#9 /var/www/vendor/codeigniter4/framework/system/CLI/BaseCommand.php(115): CodeIgniter\CLI\Commands->run('migrate:rollbac...', Array)
#10 /var/www/vendor/codeigniter4/framework/system/Commands/Database/MigrateRefresh.php(84): CodeIgniter\CLI\BaseCommand->call('migrate:rollbac...', Array)
#11 /var/www/vendor/codeigniter4/framework/system/CLI/Commands.php(65): CodeIgniter\Commands\Database\MigrateRefresh->run(Array)
#12 /var/www/vendor/codeigniter4/framework/system/CLI/Console.php(46): CodeIgniter\CLI\Commands->run('migrate:refresh', Array)
#13 /var/www/spark(102): CodeIgniter\CLI\Console->run()
#14 {main}

Next CodeIgniter\Database\Exceptions\DatabaseException: Unknown database 'hotel-system-db-1' in /var/www/vendor/codeigniter4/framework/system/Database/MySQLi/Connection.php:229
Stack trace:
#0 /var/www/vendor/codeigniter4/framework/system/Database/BaseConnection.php(392): CodeIgniter\Database\MySQLi\Connection->connect(false)
#1 /var/www/vendor/codeigniter4/framework/system/Database/BaseConnection.php(575): CodeIgniter\Database\BaseConnection->initialize()
#2 /var/www/vendor/codeigniter4/framework/system/Database/BaseConnection.php(1410): CodeIgniter\Database\BaseConnection->query('SHOW TABLES FRO...')
#3 /var/www/vendor/codeigniter4/framework/system/Database/BaseConnection.php(1429): CodeIgniter\Database\BaseConnection->listTables()
#4 /var/www/vendor/codeigniter4/framework/system/Database/MigrationRunner.php(764): CodeIgniter\Database\BaseConnection->tableExists('migrations')
#5 /var/www/vendor/codeigniter4/framework/system/Database/MigrationRunner.php(237): CodeIgniter\Database\MigrationRunner->ensureTable()
#6 /var/www/vendor/codeigniter4/framework/system/Commands/Database/MigrateRollback.php(86): CodeIgniter\Database\MigrationRunner->regress(0)
#7 /var/www/vendor/codeigniter4/framework/system/CLI/Commands.php(65): CodeIgniter\Commands\Database\MigrateRollback->run(Array)
#8 /var/www/vendor/codeigniter4/framework/system/CLI/BaseCommand.php(115): CodeIgniter\CLI\Commands->run('migrate:rollbac...', Array)
#9 /var/www/vendor/codeigniter4/framework/system/Commands/Database/MigrateRefresh.php(84): CodeIgniter\CLI\BaseCommand->call('migrate:rollbac...', Array)
#10 /var/www/vendor/codeigniter4/framework/system/CLI/Commands.php(65): CodeIgniter\Commands\Database\MigrateRefresh->run(Array)
#11 /var/www/vendor/codeigniter4/framework/system/CLI/Console.php(46): CodeIgniter\CLI\Commands->run('migrate:refresh', Array)
#12 /var/www/spark(102): CodeIgniter\CLI\Console->run()
#13 {main}
ERROR - 2023-12-19 04:32:49 --> Error connecting to the database: mysqli_sql_exception: Unknown database 'hotel-system-db-1' in /var/www/vendor/codeigniter4/framework/system/Database/MySQLi/Connection.php:184
Stack trace:
#0 /var/www/vendor/codeigniter4/framework/system/Database/MySQLi/Connection.php(184): mysqli->real_connect('database', 'root', Object(SensitiveParameterValue), 'hotel-system-db...', 3308, '', 0)
#1 /var/www/vendor/codeigniter4/framework/system/Database/BaseConnection.php(392): CodeIgniter\Database\MySQLi\Connection->connect(false)
#2 /var/www/vendor/codeigniter4/framework/system/Database/BaseConnection.php(575): CodeIgniter\Database\BaseConnection->initialize()
#3 /var/www/vendor/codeigniter4/framework/system/Database/BaseConnection.php(1410): CodeIgniter\Database\BaseConnection->query('SHOW TABLES FRO...')
#4 /var/www/vendor/codeigniter4/framework/system/Database/BaseConnection.php(1429): CodeIgniter\Database\BaseConnection->listTables()
#5 /var/www/vendor/codeigniter4/framework/system/Database/MigrationRunner.php(764): CodeIgniter\Database\BaseConnection->tableExists('migrations')
#6 /var/www/vendor/codeigniter4/framework/system/Database/MigrationRunner.php(168): CodeIgniter\Database\MigrationRunner->ensureTable()
#7 /var/www/vendor/codeigniter4/framework/system/Commands/Database/Migrate.php(84): CodeIgniter\Database\MigrationRunner->latest(NULL)
#8 /var/www/vendor/codeigniter4/framework/system/CLI/Commands.php(65): CodeIgniter\Commands\Database\Migrate->run(Array)
#9 /var/www/vendor/codeigniter4/framework/system/CLI/BaseCommand.php(115): CodeIgniter\CLI\Commands->run('migrate', Array)
#10 /var/www/vendor/codeigniter4/framework/system/Commands/Database/MigrateRefresh.php(85): CodeIgniter\CLI\BaseCommand->call('migrate', Array)
#11 /var/www/vendor/codeigniter4/framework/system/CLI/Commands.php(65): CodeIgniter\Commands\Database\MigrateRefresh->run(Array)
#12 /var/www/vendor/codeigniter4/framework/system/CLI/Console.php(46): CodeIgniter\CLI\Commands->run('migrate:refresh', Array)
#13 /var/www/spark(102): CodeIgniter\CLI\Console->run()
#14 {main}

Next CodeIgniter\Database\Exceptions\DatabaseException: Unknown database 'hotel-system-db-1' in /var/www/vendor/codeigniter4/framework/system/Database/MySQLi/Connection.php:229
Stack trace:
#0 /var/www/vendor/codeigniter4/framework/system/Database/BaseConnection.php(392): CodeIgniter\Database\MySQLi\Connection->connect(false)
#1 /var/www/vendor/codeigniter4/framework/system/Database/BaseConnection.php(575): CodeIgniter\Database\BaseConnection->initialize()
#2 /var/www/vendor/codeigniter4/framework/system/Database/BaseConnection.php(1410): CodeIgniter\Database\BaseConnection->query('SHOW TABLES FRO...')
#3 /var/www/vendor/codeigniter4/framework/system/Database/BaseConnection.php(1429): CodeIgniter\Database\BaseConnection->listTables()
#4 /var/www/vendor/codeigniter4/framework/system/Database/MigrationRunner.php(764): CodeIgniter\Database\BaseConnection->tableExists('migrations')
#5 /var/www/vendor/codeigniter4/framework/system/Database/MigrationRunner.php(168): CodeIgniter\Database\MigrationRunner->ensureTable()
#6 /var/www/vendor/codeigniter4/framework/system/Commands/Database/Migrate.php(84): CodeIgniter\Database\MigrationRunner->latest(NULL)
#7 /var/www/vendor/codeigniter4/framework/system/CLI/Commands.php(65): CodeIgniter\Commands\Database\Migrate->run(Array)
#8 /var/www/vendor/codeigniter4/framework/system/CLI/BaseCommand.php(115): CodeIgniter\CLI\Commands->run('migrate', Array)
#9 /var/www/vendor/codeigniter4/framework/system/Commands/Database/MigrateRefresh.php(85): CodeIgniter\CLI\BaseCommand->call('migrate', Array)
#10 /var/www/vendor/codeigniter4/framework/system/CLI/Commands.php(65): CodeIgniter\Commands\Database\MigrateRefresh->run(Array)
#11 /var/www/vendor/codeigniter4/framework/system/CLI/Console.php(46): CodeIgniter\CLI\Commands->run('migrate:refresh', Array)
#12 /var/www/spark(102): CodeIgniter\CLI\Console->run()
#13 {main}
ERROR - 2023-12-19 04:32:51 --> Error connecting to the database: mysqli_sql_exception: Unknown database 'hotel-system-db-1' in /var/www/vendor/codeigniter4/framework/system/Database/MySQLi/Connection.php:184
Stack trace:
#0 /var/www/vendor/codeigniter4/framework/system/Database/MySQLi/Connection.php(184): mysqli->real_connect('database', 'root', Object(SensitiveParameterValue), 'hotel-system-db...', 3308, '', 0)
#1 /var/www/vendor/codeigniter4/framework/system/Database/BaseConnection.php(392): CodeIgniter\Database\MySQLi\Connection->connect(false)
#2 /var/www/vendor/codeigniter4/framework/system/Database/Database.php(66): CodeIgniter\Database\BaseConnection->initialize()
#3 /var/www/vendor/codeigniter4/framework/system/Database/Config.php(110): CodeIgniter\Database\Database->loadForge(Object(CodeIgniter\Database\MySQLi\Connection))
#4 /var/www/vendor/codeigniter4/framework/system/Database/Seeder.php(97): CodeIgniter\Database\Config::forge(NULL)
#5 /var/www/vendor/codeigniter4/framework/system/Commands/Database/Seed.php(69): CodeIgniter\Database\Seeder->__construct(Object(Config\Database))
#6 /var/www/vendor/codeigniter4/framework/system/CLI/Commands.php(65): CodeIgniter\Commands\Database\Seed->run(Array)
#7 /var/www/vendor/codeigniter4/framework/system/CLI/Console.php(46): CodeIgniter\CLI\Commands->run('db:seed', Array)
#8 /var/www/spark(102): CodeIgniter\CLI\Console->run()
#9 {main}

Next CodeIgniter\Database\Exceptions\DatabaseException: Unknown database 'hotel-system-db-1' in /var/www/vendor/codeigniter4/framework/system/Database/MySQLi/Connection.php:229
Stack trace:
#0 /var/www/vendor/codeigniter4/framework/system/Database/BaseConnection.php(392): CodeIgniter\Database\MySQLi\Connection->connect(false)
#1 /var/www/vendor/codeigniter4/framework/system/Database/Database.php(66): CodeIgniter\Database\BaseConnection->initialize()
#2 /var/www/vendor/codeigniter4/framework/system/Database/Config.php(110): CodeIgniter\Database\Database->loadForge(Object(CodeIgniter\Database\MySQLi\Connection))
#3 /var/www/vendor/codeigniter4/framework/system/Database/Seeder.php(97): CodeIgniter\Database\Config::forge(NULL)
#4 /var/www/vendor/codeigniter4/framework/system/Commands/Database/Seed.php(69): CodeIgniter\Database\Seeder->__construct(Object(Config\Database))
#5 /var/www/vendor/codeigniter4/framework/system/CLI/Commands.php(65): CodeIgniter\Commands\Database\Seed->run(Array)
#6 /var/www/vendor/codeigniter4/framework/system/CLI/Console.php(46): CodeIgniter\CLI\Commands->run('db:seed', Array)
#7 /var/www/spark(102): CodeIgniter\CLI\Console->run()
#8 {main}
CRITICAL - 2023-12-19 04:32:51 --> Unable to connect to the database.
Main connection [MySQLi]: Unknown database 'hotel-system-db-1'
in SYSTEMPATH/Database/BaseConnection.php on line 428.
 1 SYSTEMPATH/Database/Database.php(66): CodeIgniter\Database\BaseConnection->initialize()
 2 SYSTEMPATH/Database/Config.php(110): CodeIgniter\Database\Database->loadForge(Object(CodeIgniter\Database\MySQLi\Connection))
 3 SYSTEMPATH/Database/Seeder.php(97): CodeIgniter\Database\Config::forge(null)
 4 SYSTEMPATH/Commands/Database/Seed.php(69): CodeIgniter\Database\Seeder->__construct(Object(Config\Database))
 5 SYSTEMPATH/CLI/Commands.php(65): CodeIgniter\Commands\Database\Seed->run([...])
 6 SYSTEMPATH/CLI/Console.php(46): CodeIgniter\CLI\Commands->run('db:seed', [...])
 7 ROOTPATH/spark(102): CodeIgniter\CLI\Console->run()
